TN:
SF:src/CloakEscrow.sol
FN:36,CloakEscrow.
FNDA:471,CloakEscrow.
DA:39,465
BRDA:39,0,0,15
DA:40,15
DA:43,474
DA:44,462
DA:45,462
DA:46,468
DA:47,468
FN:51,CloakEscrow.getPlatformFee
FNDA:277,CloakEscrow.getPlatformFee
DA:52,277
FN:55,CloakEscrow.setPlatformFee
FNDA:1051,CloakEscrow.setPlatformFee
DA:56,1046
BRDA:56,1,0,258
DA:57,258
DA:60,788
DA:61,788
DA:62,788
FN:66,CloakEscrow.getMerchantAddress
FNDA:269,CloakEscrow.getMerchantAddress
DA:67,269
FN:70,CloakEscrow.setMerchantAddress
FNDA:272,CloakEscrow.setMerchantAddress
DA:71,271
BRDA:71,2,0,2
DA:72,2
DA:75,269
DA:76,269
DA:77,269
FN:81,CloakEscrow.getPlatformAddress
FNDA:269,CloakEscrow.getPlatformAddress
DA:82,269
FN:85,CloakEscrow.setPlatformAddress
FNDA:270,CloakEscrow.setPlatformAddress
DA:86,269
BRDA:86,3,0,1
DA:87,1
DA:90,268
DA:91,268
DA:92,268
FN:96,CloakEscrow.distribute
FNDA:560,CloakEscrow.distribute
DA:97,554
DA:99,554
BRDA:99,4,0,2
DA:100,2
DA:104,552
DA:105,552
DA:108,552
BRDA:108,5,0,529
DA:109,529
DA:110,529
BRDA:110,6,0,-
DA:111,0
DA:116,552
BRDA:116,7,0,552
DA:117,552
DA:118,552
BRDA:118,8,0,-
DA:119,0
DA:123,552
FN:127,CloakEscrow.pause
FNDA:31,CloakEscrow.pause
DA:128,27
DA:129,26
FN:132,CloakEscrow.unpause
FNDA:14,CloakEscrow.unpause
DA:133,10
DA:134,9
FNF:10
FNH:10
LF:43
LH:41
BRF:9
BRH:7
end_of_record
TN:
SF:src/CloakEscrowFactory.sol
FN:36,CloakEscrowFactory.
FNDA:7,CloakEscrowFactory.
DA:37,7
BRDA:37,0,0,3
DA:38,3
DA:41,4
DA:42,4
FN:52,CloakEscrowFactory.deployEscrow
FNDA:204,CloakEscrowFactory.deployEscrow
DA:57,200
BRDA:57,1,0,2
DA:58,2
DA:62,198
DA:63,198
DA:66,198
DA:69,198
DA:75,198
DA:76,198
BRDA:76,2,0,-
DA:77,0
DA:81,198
BRDA:81,3,0,-
DA:82,0
DA:86,198
DA:87,198
DA:88,198
DA:91,198
BRDA:91,4,0,140
DA:92,140
DA:95,198
DA:97,198
FN:107,CloakEscrowFactory.predictEscrowAddress
FNDA:11,CloakEscrowFactory.predictEscrowAddress
DA:112,11
DA:113,11
DA:115,11
DA:120,11
DA:129,11
FN:137,CloakEscrowFactory.getEscrowsForMerchant
FNDA:24,CloakEscrowFactory.getEscrowsForMerchant
DA:142,24
FN:150,CloakEscrowFactory.getMerchantForEscrow
FNDA:24,CloakEscrowFactory.getMerchantForEscrow
DA:155,24
BRDA:155,5,0,2
DA:156,2
DA:158,22
FN:166,CloakEscrowFactory.getMerchantEscrowCount
FNDA:81,CloakEscrowFactory.getMerchantEscrowCount
DA:171,81
FN:179,CloakEscrowFactory.getMerchantCounter
FNDA:49,CloakEscrowFactory.getMerchantCounter
DA:184,49
FN:192,CloakEscrowFactory.merchantExists
FNDA:85,CloakEscrowFactory.merchantExists
DA:197,85
FN:204,CloakEscrowFactory.setPlatformAddress
FNDA:14,CloakEscrowFactory.setPlatformAddress
DA:205,13
BRDA:205,6,0,1
DA:206,1
DA:209,12
DA:210,12
DA:211,12
FN:218,CloakEscrowFactory.setDefaultOwner
FNDA:13,CloakEscrowFactory.setDefaultOwner
DA:219,12
BRDA:219,7,0,1
DA:220,1
DA:223,11
DA:224,11
DA:225,11
FN:231,CloakEscrowFactory.pause
FNDA:23,CloakEscrowFactory.pause
DA:232,22
FN:238,CloakEscrowFactory.unpause
FNDA:11,CloakEscrowFactory.unpause
DA:239,10
FNF:12
FNH:12
LF:46
LH:44
BRF:8
BRH:6
end_of_record
TN:
SF:test/fixtures/CloakEscrowFactoryFixtures.sol
FN:61,CloakEscrowFactoryFixtures.getUSDCConfig
FNDA:0,CloakEscrowFactoryFixtures.getUSDCConfig
DA:62,87
FN:65,CloakEscrowFactoryFixtures.getDAIConfig
FNDA:0,CloakEscrowFactoryFixtures.getDAIConfig
DA:66,87
FN:73,CloakEscrowFactoryFixtures.createFactoryFixture
FNDA:0,CloakEscrowFactoryFixtures.createFactoryFixture
DA:75,87
DA:76,87
DA:79,87
DA:84,87
DA:91,87
DA:94,87
DA:95,87
DA:97,0
FN:107,CloakEscrowFactoryFixtures.createFactoryWithSingleEscrow
FNDA:0,CloakEscrowFactoryFixtures.createFactoryWithSingleEscrow
DA:111,0
DA:114,0
DA:115,0
DA:121,0
DA:129,0
FN:137,CloakEscrowFactoryFixtures.createFactoryWithMultipleEscrows
FNDA:0,CloakEscrowFactoryFixtures.createFactoryWithMultipleEscrows
DA:141,18
DA:142,18
DA:147,18
DA:152,18
DA:161,18
DA:166,18
DA:175,18
DA:180,18
DA:189,18
DA:194,18
DA:204,18
FN:211,CloakEscrowFactoryFixtures.createPausedFactoryFixture
FNDA:0,CloakEscrowFactoryFixtures.createPausedFactoryFixture
DA:212,3
DA:215,3
DA:217,0
FN:228,CloakEscrowFactoryFixtures.predictEscrowAddress
FNDA:0,CloakEscrowFactoryFixtures.predictEscrowAddress
DA:234,0
FN:245,CloakEscrowFactoryFixtures.verifyEscrowConfiguration
FNDA:0,CloakEscrowFactoryFixtures.verifyEscrowConfiguration
DA:252,9
DA:254,9
DA:255,9
DA:256,9
DA:257,9
FN:263,CloakEscrowFactoryFixtures.getSmallTestAmount
FNDA:0,CloakEscrowFactoryFixtures.getSmallTestAmount
DA:264,10
FN:267,CloakEscrowFactoryFixtures.getMediumTestAmount
FNDA:0,CloakEscrowFactoryFixtures.getMediumTestAmount
DA:268,5
FN:271,CloakEscrowFactoryFixtures.getLargeTestAmount
FNDA:0,CloakEscrowFactoryFixtures.getLargeTestAmount
DA:272,0
FN:280,CloakEscrowFactoryFixtures.generateRandomMerchantId
FNDA:0,CloakEscrowFactoryFixtures.generateRandomMerchantId
DA:281,81
FN:287,CloakEscrowFactoryFixtures.setupMockUsers
FNDA:0,CloakEscrowFactoryFixtures.setupMockUsers
DA:288,84
DA:289,84
DA:290,84
DA:291,84
DA:292,84
DA:293,84
DA:294,84
DA:295,84
DA:296,84
DA:297,84
FN:306,CloakEscrowFactoryFixtures.fundEscrowFromFixture
FNDA:0,CloakEscrowFactoryFixtures.fundEscrowFromFixture
DA:311,1
DA:312,1
FNF:14
FNH:0
LF:51
LH:42
BRF:0
BRH:0
end_of_record
TN:
SF:test/fixtures/CloakEscrowFixtures.sol
FN:31,CloakEscrowFixtures.getUSDCConfig
FNDA:0,CloakEscrowFixtures.getUSDCConfig
DA:32,83
FN:35,CloakEscrowFixtures.getDAIConfig
FNDA:0,CloakEscrowFixtures.getDAIConfig
DA:36,23
FN:39,CloakEscrowFixtures.getWBTCConfig
FNDA:0,CloakEscrowFixtures.getWBTCConfig
DA:40,23
FN:55,CloakEscrowFixtures.createEscrowFixture
FNDA:0,CloakEscrowFixtures.createEscrowFixture
DA:57,129
DA:58,129
DA:61,129
DA:64,129
DA:66,0
FN:75,CloakEscrowFixtures.createMultiTokenFixtures
FNDA:0,CloakEscrowFixtures.createMultiTokenFixtures
DA:79,23
DA:80,23
DA:81,23
DA:83,0
FN:90,CloakEscrowFixtures.createSimpleFixture
FNDA:0,CloakEscrowFixtures.createSimpleFixture
DA:91,60
FN:102,CloakEscrowFixtures.createCustomTokenConfig
FNDA:0,CloakEscrowFixtures.createCustomTokenConfig
DA:107,0
FN:115,CloakEscrowFixtures.fundEscrow
FNDA:0,CloakEscrowFixtures.fundEscrow
DA:116,25
DA:117,25
FN:125,CloakEscrowFixtures.getStandardTestAmount
FNDA:0,CloakEscrowFixtures.getStandardTestAmount
DA:126,12
BRDA:126,0,0,9
BRDA:126,0,1,-
DA:127,9
DA:128,3
BRDA:128,1,0,2
BRDA:128,1,1,-
DA:129,2
DA:130,1
BRDA:130,2,0,1
BRDA:130,2,1,-
DA:131,1
DA:133,0
FN:144,CloakEscrowFixtures.calculateDistribution
FNDA:0,CloakEscrowFixtures.calculateDistribution
DA:149,525
DA:150,525
DA:151,0
FN:157,CloakEscrowFixtures.setupMockUsers
FNDA:0,CloakEscrowFixtures.setupMockUsers
DA:158,78
DA:159,78
DA:160,78
DA:161,78
DA:162,78
DA:163,78
DA:164,78
FNF:11
FNH:0
LF:33
LH:28
BRF:6
BRH:3
end_of_record
TN:
SF:test/utils/MockERC20.sol
FN:14,MockERC20.
FNDA:507,MockERC20.
DA:15,297
FN:18,MockERC20.decimals
FNDA:3,MockERC20.decimals
DA:19,3
FN:22,MockERC20.mint
FNDA:815,MockERC20.mint
DA:23,815
FN:26,MockERC20.burn
FNDA:0,MockERC20.burn
DA:27,0
FNF:4
FNH:3
LF:4
LH:3
BRF:0
BRH:0
end_of_record
